  Delegate.cpp
D:\William Morelli\Visual\CPPUtility\CPPUtility\Object.h(4,16): error C2143: syntax error: missing ';' before '<class-head>'
D:\William Morelli\Visual\CPPUtility\CPPUtility\Object.h(5,1): error C4430: missing type specifier - int assumed. Note: C++ does not support default-int
D:\William Morelli\Visual\CPPUtility\CPPUtility\Object.h(9,26): error C2187: syntax error: 'constant' was unexpected here
D:\William Morelli\Visual\CPPUtility\CPPUtility\Object.h(9,4): message : This diagnostic occurred in the compiler generated function 'T Object::MainMethod(args...)'
D:\William Morelli\Visual\CPPUtility\CPPUtility\Delegate.h(13,3): error C2143: syntax error: missing ';' before '*'
D:\William Morelli\Visual\CPPUtility\CPPUtility\Delegate.h(27): message : see reference to class template instantiation 'Delegate<T,args...>' being compiled
D:\William Morelli\Visual\CPPUtility\CPPUtility\Delegate.h(13,1): error C4430: missing type specifier - int assumed. Note: C++ does not support default-int
D:\William Morelli\Visual\CPPUtility\CPPUtility\Delegate.h(13,1): error C2238: unexpected token(s) preceding ';'
D:\William Morelli\Visual\CPPUtility\CPPUtility\Delegate.h(22,15): error C2653: 'U': is not a class or namespace name
D:\William Morelli\Visual\CPPUtility\CPPUtility\Delegate.h(22,19): error C2146: syntax error: missing ')' before identifier '_method'
D:\William Morelli\Visual\CPPUtility\CPPUtility\Delegate.h(22,19): error C3646: '_method': unknown override specifier
D:\William Morelli\Visual\CPPUtility\CPPUtility\Delegate.h(22,1): error C4430: missing type specifier - int assumed. Note: C++ does not support default-int
D:\William Morelli\Visual\CPPUtility\CPPUtility\Delegate.h(22,1): error C2059: syntax error: '('
D:\William Morelli\Visual\CPPUtility\CPPUtility\Delegate.h(22,26): error C2059: syntax error: '('
D:\William Morelli\Visual\CPPUtility\CPPUtility\Delegate.h(24,17): error C2061: syntax error: identifier 'U'
D:\William Morelli\Visual\CPPUtility\CPPUtility\Delegate.h(26,21): error C2653: 'U': is not a class or namespace name
D:\William Morelli\Visual\CPPUtility\CPPUtility\Delegate.h(26,25): error C2146: syntax error: missing ')' before identifier '_method'
D:\William Morelli\Visual\CPPUtility\CPPUtility\Delegate.h(26,25): error C3646: '_method': unknown override specifier
D:\William Morelli\Visual\CPPUtility\CPPUtility\Delegate.h(26,1): error C4430: missing type specifier - int assumed. Note: C++ does not support default-int
D:\William Morelli\Visual\CPPUtility\CPPUtility\Delegate.h(26,1): error C2059: syntax error: '('
D:\William Morelli\Visual\CPPUtility\CPPUtility\Delegate.h(26,32): error C2059: syntax error: '('
D:\William Morelli\Visual\CPPUtility\CPPUtility\Delegate.h(33,1): error C3860: template argument list following class template name must list parameters in the order used in template parameter list
D:\William Morelli\Visual\CPPUtility\CPPUtility\Delegate.h(34,1): error C3855: 'Delegate<T,args...>': template parameter 'args' is incompatible with the declaration
D:\William Morelli\Visual\CPPUtility\CPPUtility\Delegate.h(34,1): error C2977: 'Delegate<T,args...>': too many template arguments
D:\William Morelli\Visual\CPPUtility\CPPUtility\Delegate.h(38,1): error C3860: template argument list following class template name must list parameters in the order used in template parameter list
D:\William Morelli\Visual\CPPUtility\CPPUtility\Delegate.h(39,1): error C3855: 'Delegate<T,args...>': template parameter 'args' is incompatible with the declaration
D:\William Morelli\Visual\CPPUtility\CPPUtility\Delegate.h(39,1): error C2977: 'Delegate<T,args...>': too many template arguments
D:\William Morelli\Visual\CPPUtility\CPPUtility\Delegate.h(43,1): error C2244: 'Delegate<U,T,args...>::Invoke': unable to match function definition to an existing declaration
D:\William Morelli\Visual\CPPUtility\CPPUtility\Delegate.h(42): message : see declaration of 'Delegate<U,T,args...>::Invoke'
D:\William Morelli\Visual\CPPUtility\CPPUtility\Delegate.h(43,1): message : definition
D:\William Morelli\Visual\CPPUtility\CPPUtility\Delegate.h(43,1): message : 'void Delegate<U,T,args...>::Invoke(args...)'
D:\William Morelli\Visual\CPPUtility\CPPUtility\Delegate.h(43,1): message : existing declarations
D:\William Morelli\Visual\CPPUtility\CPPUtility\Delegate.h(43,1): message : 'void Delegate<T,args...>::Invoke(args...)'
D:\William Morelli\Visual\CPPUtility\CPPUtility\Delegate.h(51,1): error C2244: 'Delegate<U,T,args...>::Exist': unable to match function definition to an existing declaration
D:\William Morelli\Visual\CPPUtility\CPPUtility\Delegate.h(50): message : see declaration of 'Delegate<U,T,args...>::Exist'
D:\William Morelli\Visual\CPPUtility\CPPUtility\Delegate.h(51,1): message : definition
D:\William Morelli\Visual\CPPUtility\CPPUtility\Delegate.h(51,1): message : 'bool Delegate<U,T,args...>::Exist(T U::* (__cdecl *)(args...))'
D:\William Morelli\Visual\CPPUtility\CPPUtility\Delegate.h(51,1): message : existing declarations
D:\William Morelli\Visual\CPPUtility\CPPUtility\Delegate.h(51,1): message : 'int Delegate<T,args...>::Exist(T)'
D:\William Morelli\Visual\CPPUtility\CPPUtility\Delegate.h(63,1): error C2244: 'Delegate<U,T,args...>::Subscribe': unable to match function definition to an existing declaration
D:\William Morelli\Visual\CPPUtility\CPPUtility\Delegate.h(62): message : see declaration of 'Delegate<U,T,args...>::Subscribe'
D:\William Morelli\Visual\CPPUtility\CPPUtility\Delegate.h(63,1): message : definition
D:\William Morelli\Visual\CPPUtility\CPPUtility\Delegate.h(63,1): message : 'void Delegate<U,T,args...>::Subscribe(U *,T U::* (__cdecl *)(args...))'
D:\William Morelli\Visual\CPPUtility\CPPUtility\Delegate.h(63,1): message : existing declarations
D:\William Morelli\Visual\CPPUtility\CPPUtility\Delegate.h(63,1): message : 'void Delegate<T,args...>::Subscribe(void)'
D:\William Morelli\Visual\CPPUtility\CPPUtility\Delegate.h(72,1): error C2244: 'Delegate<U,T,args...>::Unsubscribe': unable to match function definition to an existing declaration
D:\William Morelli\Visual\CPPUtility\CPPUtility\Delegate.h(71): message : see declaration of 'Delegate<U,T,args...>::Unsubscribe'
D:\William Morelli\Visual\CPPUtility\CPPUtility\Delegate.h(72,1): message : definition
D:\William Morelli\Visual\CPPUtility\CPPUtility\Delegate.h(72,1): message : 'void Delegate<U,T,args...>::Unsubscribe(T U::* (__cdecl *)(args...))'
D:\William Morelli\Visual\CPPUtility\CPPUtility\Delegate.h(72,1): message : existing declarations
D:\William Morelli\Visual\CPPUtility\CPPUtility\Delegate.h(72,1): message : 'int Delegate<T,args...>::Unsubscribe(T)'
  Object.cpp
D:\William Morelli\Visual\CPPUtility\CPPUtility\Object.h(4,16): error C2143: syntax error: missing ';' before '<class-head>'
D:\William Morelli\Visual\CPPUtility\CPPUtility\Object.h(5,1): error C4430: missing type specifier - int assumed. Note: C++ does not support default-int
D:\William Morelli\Visual\CPPUtility\CPPUtility\Object.h(9,26): error C2187: syntax error: 'constant' was unexpected here
D:\William Morelli\Visual\CPPUtility\CPPUtility\Object.h(9,4): message : This diagnostic occurred in the compiler generated function 'T Object::MainMethod(args...)'
  Generating Code...

Project Evaluation Performance Summary:
       33 ms  D:\William Morelli\Visual\CPPUtility\CPPUtility\CPPUtility.vcxproj   1 calls

Project Performance Summary:
      654 ms  D:\William Morelli\Visual\CPPUtility\CPPUtility\CPPUtility.vcxproj   1 calls
                654 ms  Build                                      1 calls

Target Performance Summary:
        0 ms  BeforeBuildGenerateSources                 1 calls
        0 ms  BuildGenerateSourcesTraverse               1 calls
        0 ms  SelectClCompile                            1 calls
        0 ms  PreBuildEvent                              1 calls
        0 ms  _SelectedFiles                             1 calls
        0 ms  SelectCustomBuild                          1 calls
        0 ms  ComputeCustomBuildOutput                   1 calls
        0 ms  CopyFileToFolders                          1 calls
        0 ms  _Xsd                                       1 calls
        0 ms  FindReferenceAssembliesForReferences       1 calls
        0 ms  ComputeMIDLGeneratedCompileInputs          1 calls
        0 ms  _Midl                                      1 calls
        0 ms  AfterBuildGenerateSources                  1 calls
        0 ms  AfterBuildGenerateSourcesEvent             1 calls
        0 ms  _BuildGenerateSourcesAction                1 calls
        0 ms  BuildGenerateSources                       1 calls
        0 ms  BuildCompileTraverse                       1 calls
        0 ms  BeforeClCompile                            1 calls
        0 ms  ComputeCLInputPDBName                      1 calls
        0 ms  AfterMidl                                  1 calls
        0 ms  AfterResolveReferences                     1 calls
        0 ms  ResolveReferences                          1 calls
        0 ms  ExpandSDKReferences                        1 calls
        0 ms  MakeDirsForCl                              1 calls
        0 ms  BeforeResolveReferences                    1 calls
        0 ms  AssignProjectConfiguration                 1 calls
        0 ms  _SplitProjectReferencesByFileExistence     1 calls
        0 ms  _AddOutputPathToGlobalPropertiesToRemove   1 calls
        0 ms  PrepareProjectReferences                   1 calls
        0 ms  ResolveAssemblyReferences                  1 calls
        0 ms  GetFrameworkPaths                          1 calls
        0 ms  GetReferenceAssemblyPaths                  1 calls
        0 ms  GetReferencedVCProjectsInfo                1 calls
        0 ms  SetBuildDefaultEnvironmentVariables        1 calls
        0 ms  GetResolvedWinMD                           1 calls
        0 ms  SetCABuildNativeEnvironmentVariables       1 calls
        0 ms  ComputeReferenceCLInput                    1 calls
        0 ms  ResolveSDKReferences                       1 calls
        1 ms  _PrepareForReferenceResolution             1 calls
        1 ms  SetTelemetryEnvironmentVariables           1 calls
        1 ms  MakeDirsForMidl                            1 calls
        1 ms  _GetProjectReferenceTargetFrameworkProperties   1 calls
        1 ms  ResolveProjectReferences                   1 calls
        1 ms  AddExternalIncludDirectoriesToPaths        1 calls
        1 ms  _CheckWindowsSDKInstalled                  1 calls
        1 ms  WarnCompileDuplicatedFilename              1 calls
        1 ms  CustomBuild                                1 calls
        2 ms  FixupCLCompileOptions                      1 calls
        2 ms  InitializeBuildStatus                      1 calls
        3 ms  PrepareForBuild                            1 calls
        3 ms  _CheckForInvalidConfigurationAndPlatform   1 calls
        4 ms  _PrepareForBuild                           1 calls
      630 ms  ClCompile                                  1 calls

Task Performance Summary:
        0 ms  Message                                    2 calls
        0 ms  AssignProjectConfiguration                 1 calls
        0 ms  MSBuild                                    1 calls
        0 ms  MakeDir                                    5 calls
        0 ms  WriteLinesToFile                           1 calls
        1 ms  SetEnv                                     9 calls
        1 ms  Touch                                      1 calls
        1 ms  CheckVCToolsetVersion                      1 calls
        1 ms  ReadLinesFromFile                          1 calls
        1 ms  GetOutOfDateItems                          3 calls
      628 ms  CL                                         2 calls
